2019-05-29 12:57:47 Error: [Cake\Datasource\Exception\InvalidPrimaryKeyException] Record not found in table "generos" with primary key [NULL]
#0 C:\xampp\htdocs\biblioteca\src\Controller\GenerosController.php(37): Cake\ORM\Table->get(Array, Array)
#1 C:\xampp\htdocs\biblioteca\vendor\cakephp\cakephp\src\Controller\Controller.php(610): App\Controller\GenerosController->view()
#2 C:\xampp\htdocs\biblioteca\vendor\cakephp\cakephp\src\Http\ActionDispatcher.php(120): Cake\Controller\Controller->invokeAction()
#3 C:\xampp\htdocs\biblioteca\vendor\cakephp\cakephp\src\Http\ActionDispatcher.php(94): Cake\Http\ActionDispatcher->_invoke(Object(App\Controller\GenerosController))
#4 C:\xampp\htdocs\biblioteca\vendor\cakephp\cakephp\src\Http\BaseApplication.php(235): Cake\Http\ActionDispatcher->dispatch(Object(Cake\Http\ServerRequest), Object(Cake\Http\Response))
#5 C:\xampp\htdocs\biblioteca\vendor\cakephp\cakephp\src\Http\Runner.php(65): Cake\Http\BaseApplication->__invoke(Object(Cake\Http\ServerRequest), Object(Cake\Http\Response), Object(Cake\Http\Runner))
#6 C:\xampp\htdocs\biblioteca\vendor\cakephp\cakephp\src\Http\Runner.php(65): Cake\Http\Runner->__invoke(Object(Cake\Http\ServerRequest), Object(Cake\Http\Response), Object(Cake\Http\Runner))
#7 C:\xampp\htdocs\biblioteca\vendor\cakephp\cakephp\src\Http\Middleware\CsrfProtectionMiddleware.php(123): Cake\Http\Runner->__invoke(Object(Cake\Http\ServerRequest), Object(Cake\Http\Response))
#8 C:\xampp\htdocs\biblioteca\vendor\cakephp\cakephp\src\Http\Runner.php(65): Cake\Http\Middleware\CsrfProtectionMiddleware->__invoke(Object(Cake\Http\ServerRequest), Object(Cake\Http\Response), Object(Cake\Http\Runner))
#9 C:\xampp\htdocs\biblioteca\vendor\cakephp\cakephp\src\Http\Runner.php(51): Cake\Http\Runner->__invoke(Object(Cake\Http\ServerRequest), Object(Cake\Http\Response))
#10 C:\xampp\htdocs\biblioteca\vendor\cakephp\cakephp\src\Routing\Middleware\RoutingMiddleware.php(168): Cake\Http\Runner->run(Object(Cake\Http\MiddlewareQueue), Object(Cake\Http\ServerRequest), Object(Cake\Http\Response))
#11 C:\xampp\htdocs\biblioteca\vendor\cakephp\cakephp\src\Http\Runner.php(65): Cake\Routing\Middleware\RoutingMiddleware->__invoke(Object(Cake\Http\ServerRequest), Object(Cake\Http\Response), Object(Cake\Http\Runner))
#12 C:\xampp\htdocs\biblioteca\vendor\cakephp\cakephp\src\Routing\Middleware\AssetMiddleware.php(88): Cake\Http\Runner->__invoke(Object(Cake\Http\ServerRequest), Object(Cake\Http\Response))
#13 C:\xampp\htdocs\biblioteca\vendor\cakephp\cakephp\src\Http\Runner.php(65): Cake\Routing\Middleware\AssetMiddleware->__invoke(Object(Cake\Http\ServerRequest), Object(Cake\Http\Response), Object(Cake\Http\Runner))
#14 C:\xampp\htdocs\biblioteca\vendor\cakephp\cakephp\src\Error\Middleware\ErrorHandlerMiddleware.php(96): Cake\Http\Runner->__invoke(Object(Cake\Http\ServerRequest), Object(Cake\Http\Response))
#15 C:\xampp\htdocs\biblioteca\vendor\cakephp\cakephp\src\Http\Runner.php(65): Cake\Error\Middleware\ErrorHandlerMiddleware->__invoke(Object(Cake\Http\ServerRequest), Object(Cake\Http\Response), Object(Cake\Http\Runner))
#16 C:\xampp\htdocs\biblioteca\vendor\cakephp\debug_kit\src\Middleware\DebugKitMiddleware.php(53): Cake\Http\Runner->__invoke(Object(Cake\Http\ServerRequest), Object(Cake\Http\Response))
#17 C:\xampp\htdocs\biblioteca\vendor\cakephp\cakephp\src\Http\Runner.php(65): DebugKit\Middleware\DebugKitMiddleware->__invoke(Object(Cake\Http\ServerRequest), Object(Cake\Http\Response), Object(Cake\Http\Runner))
#18 C:\xampp\htdocs\biblioteca\vendor\cakephp\cakephp\src\Http\Runner.php(51): Cake\Http\Runner->__invoke(Object(Cake\Http\ServerRequest), Object(Cake\Http\Response))
#19 C:\xampp\htdocs\biblioteca\vendor\cakephp\cakephp\src\Http\Server.php(98): Cake\Http\Runner->run(Object(Cake\Http\MiddlewareQueue), Object(Cake\Http\ServerRequest), Object(Cake\Http\Response))
#20 C:\xampp\htdocs\biblioteca\webroot\index.php(40): Cake\Http\Server->run()
#21 {main}
Request URL: /generos/view


2019-05-29 15:39:05 Warning: Warning (2): session_destroy(): Session object destruction failed in [C:\xampp\htdocs\biblioteca\vendor\cakephp\cakephp\src\Http\Session.php, line 559]
Request URL: /livros/
Referer URL: http://127.0.0.1/biblioteca/livros/
Client IP: 127.0.0.1
Trace:
Cake\Error\BaseErrorHandler::handleError() - CORE\src\Error\BaseErrorHandler.php, line 159
Cake\Core\BasePlugin::{closure}() - ROOT\vendor\cakephp\debug_kit\config\bootstrap.php, line 42
session_destroy - [internal], line ??
Cake\Http\Session::destroy() - CORE\src\Http\Session.php, line 559
Cake\Http\Session::start() - CORE\src\Http\Session.php, line 363
Cake\Http\Session::check() - CORE\src\Http\Session.php, line 410
Cake\View\Helper\FlashHelper::render() - CORE\src\View\Helper\FlashHelper.php, line 75
include - APP/Template\Layout\default.ctp, line 50
Cake\View\View::_evaluate() - CORE\src\View\View.php, line 1419
Cake\View\View::_render() - CORE\src\View\View.php, line 1380
Cake\View\View::renderLayout() - CORE\src\View\View.php, line 927
Cake\View\View::render() - CORE\src\View\View.php, line 885
Cake\Controller\Controller::render() - CORE\src\Controller\Controller.php, line 796
Cake\Http\ActionDispatcher::_invoke() - CORE\src\Http\ActionDispatcher.php, line 126
Cake\Http\ActionDispatcher::dispatch() - CORE\src\Http\ActionDispatcher.php, line 94
Cake\Http\BaseApplication::__invoke() - CORE\src\Http\BaseApplication.php, line 235
Cake\Http\Runner::__invoke() - CORE\src\Http\Runner.php, line 65
Cake\Http\Runner::__invoke() - CORE\src\Http\Runner.php, line 65
Cake\Http\Middleware\CsrfProtectionMiddleware::__invoke() - CORE\src\Http\Middleware\CsrfProtectionMiddleware.php, line 123
Cake\Http\Runner::__invoke() - CORE\src\Http\Runner.php, line 65
Cake\Http\Runner::run() - CORE\src\Http\Runner.php, line 51
Cake\Routing\Middleware\RoutingMiddleware::__invoke() - CORE\src\Routing\Middleware\RoutingMiddleware.php, line 168
Cake\Http\Runner::__invoke() - CORE\src\Http\Runner.php, line 65
Cake\Routing\Middleware\AssetMiddleware::__invoke() - CORE\src\Routing\Middleware\AssetMiddleware.php, line 88
Cake\Http\Runner::__invoke() - CORE\src\Http\Runner.php, line 65
Cake\Error\Middleware\ErrorHandlerMiddleware::__invoke() - CORE\src\Error\Middleware\ErrorHandlerMiddleware.php, line 96
Cake\Http\Runner::__invoke() - CORE\src\Http\Runner.php, line 65
DebugKit\Middleware\DebugKitMiddleware::__invoke() - ROOT\vendor\cakephp\debug_kit\src\Middleware\DebugKitMiddleware.php, line 53
Cake\Http\Runner::__invoke() - CORE\src\Http\Runner.php, line 65
Cake\Http\Runner::run() - CORE\src\Http\Runner.php, line 51
Cake\Http\Server::run() - CORE\src\Http\Server.php, line 98
[main] - ROOT\webroot\index.php, line 40



2019-05-29 18:27:32 Error: [Cake\Routing\Exception\MissingControllerException] Controller class Cake could not be found.
Exception Attributes: array (
  'class' => 'Cake',
  'plugin' => false,
  'prefix' => false,
  '_ext' => false,
)
#0 C:\xampp\htdocs\biblioteca\vendor\cakephp\cakephp\src\Http\ControllerFactory.php(39): Cake\Http\ControllerFactory->missingController(Object(Cake\Http\ServerRequest))
#1 C:\xampp\htdocs\biblioteca\vendor\cakephp\cakephp\src\Http\ActionDispatcher.php(91): Cake\Http\ControllerFactory->create(Object(Cake\Http\ServerRequest), Object(Cake\Http\Response))
#2 C:\xampp\htdocs\biblioteca\vendor\cakephp\cakephp\src\Http\BaseApplication.php(235): Cake\Http\ActionDispatcher->dispatch(Object(Cake\Http\ServerRequest), Object(Cake\Http\Response))
#3 C:\xampp\htdocs\biblioteca\vendor\cakephp\cakephp\src\Http\Runner.php(65): Cake\Http\BaseApplication->__invoke(Object(Cake\Http\ServerRequest), Object(Cake\Http\Response), Object(Cake\Http\Runner))
#4 C:\xampp\htdocs\biblioteca\vendor\cakephp\cakephp\src\Http\Runner.php(65): Cake\Http\Runner->__invoke(Object(Cake\Http\ServerRequest), Object(Cake\Http\Response), Object(Cake\Http\Runner))
#5 C:\xampp\htdocs\biblioteca\vendor\cakephp\cakephp\src\Http\Middleware\CsrfProtectionMiddleware.php(123): Cake\Http\Runner->__invoke(Object(Cake\Http\ServerRequest), Object(Cake\Http\Response))
#6 C:\xampp\htdocs\biblioteca\vendor\cakephp\cakephp\src\Http\Runner.php(65): Cake\Http\Middleware\CsrfProtectionMiddleware->__invoke(Object(Cake\Http\ServerRequest), Object(Cake\Http\Response), Object(Cake\Http\Runner))
#7 C:\xampp\htdocs\biblioteca\vendor\cakephp\cakephp\src\Http\Runner.php(51): Cake\Http\Runner->__invoke(Object(Cake\Http\ServerRequest), Object(Cake\Http\Response))
#8 C:\xampp\htdocs\biblioteca\vendor\cakephp\cakephp\src\Routing\Middleware\RoutingMiddleware.php(168): Cake\Http\Runner->run(Object(Cake\Http\MiddlewareQueue), Object(Cake\Http\ServerRequest), Object(Cake\Http\Response))
#9 C:\xampp\htdocs\biblioteca\vendor\cakephp\cakephp\src\Http\Runner.php(65): Cake\Routing\Middleware\RoutingMiddleware->__invoke(Object(Cake\Http\ServerRequest), Object(Cake\Http\Response), Object(Cake\Http\Runner))
#10 C:\xampp\htdocs\biblioteca\vendor\cakephp\cakephp\src\Routing\Middleware\AssetMiddleware.php(88): Cake\Http\Runner->__invoke(Object(Cake\Http\ServerRequest), Object(Cake\Http\Response))
#11 C:\xampp\htdocs\biblioteca\vendor\cakephp\cakephp\src\Http\Runner.php(65): Cake\Routing\Middleware\AssetMiddleware->__invoke(Object(Cake\Http\ServerRequest), Object(Cake\Http\Response), Object(Cake\Http\Runner))
#12 C:\xampp\htdocs\biblioteca\vendor\cakephp\cakephp\src\Error\Middleware\ErrorHandlerMiddleware.php(96): Cake\Http\Runner->__invoke(Object(Cake\Http\ServerRequest), Object(Cake\Http\Response))
#13 C:\xampp\htdocs\biblioteca\vendor\cakephp\cakephp\src\Http\Runner.php(65): Cake\Error\Middleware\ErrorHandlerMiddleware->__invoke(Object(Cake\Http\ServerRequest), Object(Cake\Http\Response), Object(Cake\Http\Runner))
#14 C:\xampp\htdocs\biblioteca\vendor\cakephp\debug_kit\src\Middleware\DebugKitMiddleware.php(53): Cake\Http\Runner->__invoke(Object(Cake\Http\ServerRequest), Object(Cake\Http\Response))
#15 C:\xampp\htdocs\biblioteca\vendor\cakephp\cakephp\src\Http\Runner.php(65): DebugKit\Middleware\DebugKitMiddleware->__invoke(Object(Cake\Http\ServerRequest), Object(Cake\Http\Response), Object(Cake\Http\Runner))
#16 C:\xampp\htdocs\biblioteca\vendor\cakephp\cakephp\src\Http\Runner.php(51): Cake\Http\Runner->__invoke(Object(Cake\Http\ServerRequest), Object(Cake\Http\Response))
#17 C:\xampp\htdocs\biblioteca\vendor\cakephp\cakephp\src\Http\Server.php(98): Cake\Http\Runner->run(Object(Cake\Http\MiddlewareQueue), Object(Cake\Http\ServerRequest), Object(Cake\Http\Response))
#18 C:\xampp\htdocs\biblioteca\webroot\index.php(40): Cake\Http\Server->run()
#19 {main}
Request URL: /cake


2019-05-30 22:36:11 Error: [Cake\Routing\Exception\MissingControllerException] Controller class Livrosgeneros could not be found.
Exception Attributes: array (
  'class' => 'Livrosgeneros',
  'plugin' => false,
  'prefix' => false,
  '_ext' => false,
)
#0 C:\xampp\htdocs\biblioteca\vendor\cakephp\cakephp\src\Http\ControllerFactory.php(39): Cake\Http\ControllerFactory->missingController(Object(Cake\Http\ServerRequest))
#1 C:\xampp\htdocs\biblioteca\vendor\cakephp\cakephp\src\Http\ActionDispatcher.php(91): Cake\Http\ControllerFactory->create(Object(Cake\Http\ServerRequest), Object(Cake\Http\Response))
#2 C:\xampp\htdocs\biblioteca\vendor\cakephp\cakephp\src\Http\BaseApplication.php(235): Cake\Http\ActionDispatcher->dispatch(Object(Cake\Http\ServerRequest), Object(Cake\Http\Response))
#3 C:\xampp\htdocs\biblioteca\vendor\cakephp\cakephp\src\Http\Runner.php(65): Cake\Http\BaseApplication->__invoke(Object(Cake\Http\ServerRequest), Object(Cake\Http\Response), Object(Cake\Http\Runner))
#4 C:\xampp\htdocs\biblioteca\vendor\cakephp\cakephp\src\Http\Runner.php(65): Cake\Http\Runner->__invoke(Object(Cake\Http\ServerRequest), Object(Cake\Http\Response), Object(Cake\Http\Runner))
#5 C:\xampp\htdocs\biblioteca\vendor\cakephp\cakephp\src\Http\Middleware\CsrfProtectionMiddleware.php(123): Cake\Http\Runner->__invoke(Object(Cake\Http\ServerRequest), Object(Cake\Http\Response))
#6 C:\xampp\htdocs\biblioteca\vendor\cakephp\cakephp\src\Http\Runner.php(65): Cake\Http\Middleware\CsrfProtectionMiddleware->__invoke(Object(Cake\Http\ServerRequest), Object(Cake\Http\Response), Object(Cake\Http\Runner))
#7 C:\xampp\htdocs\biblioteca\vendor\cakephp\cakephp\src\Http\Runner.php(51): Cake\Http\Runner->__invoke(Object(Cake\Http\ServerRequest), Object(Cake\Http\Response))
#8 C:\xampp\htdocs\biblioteca\vendor\cakephp\cakephp\src\Routing\Middleware\RoutingMiddleware.php(168): Cake\Http\Runner->run(Object(Cake\Http\MiddlewareQueue), Object(Cake\Http\ServerRequest), Object(Cake\Http\Response))
#9 C:\xampp\htdocs\biblioteca\vendor\cakephp\cakephp\src\Http\Runner.php(65): Cake\Routing\Middleware\RoutingMiddleware->__invoke(Object(Cake\Http\ServerRequest), Object(Cake\Http\Response), Object(Cake\Http\Runner))
#10 C:\xampp\htdocs\biblioteca\vendor\cakephp\cakephp\src\Routing\Middleware\AssetMiddleware.php(88): Cake\Http\Runner->__invoke(Object(Cake\Http\ServerRequest), Object(Cake\Http\Response))
#11 C:\xampp\htdocs\biblioteca\vendor\cakephp\cakephp\src\Http\Runner.php(65): Cake\Routing\Middleware\AssetMiddleware->__invoke(Object(Cake\Http\ServerRequest), Object(Cake\Http\Response), Object(Cake\Http\Runner))
#12 C:\xampp\htdocs\biblioteca\vendor\cakephp\cakephp\src\Error\Middleware\ErrorHandlerMiddleware.php(96): Cake\Http\Runner->__invoke(Object(Cake\Http\ServerRequest), Object(Cake\Http\Response))
#13 C:\xampp\htdocs\biblioteca\vendor\cakephp\cakephp\src\Http\Runner.php(65): Cake\Error\Middleware\ErrorHandlerMiddleware->__invoke(Object(Cake\Http\ServerRequest), Object(Cake\Http\Response), Object(Cake\Http\Runner))
#14 C:\xampp\htdocs\biblioteca\vendor\cakephp\debug_kit\src\Middleware\DebugKitMiddleware.php(53): Cake\Http\Runner->__invoke(Object(Cake\Http\ServerRequest), Object(Cake\Http\Response))
#15 C:\xampp\htdocs\biblioteca\vendor\cakephp\cakephp\src\Http\Runner.php(65): DebugKit\Middleware\DebugKitMiddleware->__invoke(Object(Cake\Http\ServerRequest), Object(Cake\Http\Response), Object(Cake\Http\Runner))
#16 C:\xampp\htdocs\biblioteca\vendor\cakephp\cakephp\src\Http\Runner.php(51): Cake\Http\Runner->__invoke(Object(Cake\Http\ServerRequest), Object(Cake\Http\Response))
#17 C:\xampp\htdocs\biblioteca\vendor\cakephp\cakephp\src\Http\Server.php(98): Cake\Http\Runner->run(Object(Cake\Http\MiddlewareQueue), Object(Cake\Http\ServerRequest), Object(Cake\Http\Response))
#18 C:\xampp\htdocs\biblioteca\webroot\index.php(40): Cake\Http\Server->run()
#19 {main}
Request URL: /livrosgeneros


2019-05-31 00:02:00 Error: [InvalidArgumentException] The Generos association is not defined on Livros.
#0 C:\xampp\htdocs\biblioteca\vendor\cakephp\cakephp\src\ORM\EagerLoader.php(551): Cake\ORM\Table->getAssociation('Generos')
#1 C:\xampp\htdocs\biblioteca\vendor\cakephp\cakephp\src\ORM\EagerLoader.php(377): Cake\ORM\EagerLoader->_normalizeContain(Object(App\Model\Table\LivrosTable), 'Generos', Array, Array)
#2 C:\xampp\htdocs\biblioteca\vendor\cakephp\cakephp\src\ORM\EagerLoader.php(507): Cake\ORM\EagerLoader->normalized(Object(App\Model\Table\LivrosTable))
#3 C:\xampp\htdocs\biblioteca\vendor\cakephp\cakephp\src\ORM\EagerLoader.php(478): Cake\ORM\EagerLoader->attachableAssociations(Object(App\Model\Table\LivrosTable))
#4 C:\xampp\htdocs\biblioteca\vendor\cakephp\cakephp\src\ORM\Query.php(1171): Cake\ORM\EagerLoader->attachAssociations(Object(Cake\ORM\Query), Object(App\Model\Table\LivrosTable), true)
#5 C:\xampp\htdocs\biblioteca\vendor\cakephp\cakephp\src\ORM\Query.php(1120): Cake\ORM\Query->_transformQuery()
#6 C:\xampp\htdocs\biblioteca\vendor\cakephp\cakephp\src\Database\Driver\Mysql.php(138): Cake\ORM\Query->sql()
#7 C:\xampp\htdocs\biblioteca\vendor\cakephp\cakephp\src\Database\Connection.php(275): Cake\Database\Driver\Mysql->prepare(Object(Cake\ORM\Query))
#8 C:\xampp\htdocs\biblioteca\vendor\cakephp\cakephp\src\Core\Retry\CommandRetry.php(68): Cake\Database\Connection->Cake\Database\{closure}()
#9 C:\xampp\htdocs\biblioteca\vendor\cakephp\cakephp\src\Database\Connection.php(282): Cake\Core\Retry\CommandRetry->run(Object(Closure))
#10 C:\xampp\htdocs\biblioteca\vendor\cakephp\cakephp\src\Database\Connection.php(332): Cake\Database\Connection->prepare(Object(Cake\ORM\Query))
#11 C:\xampp\htdocs\biblioteca\vendor\cakephp\cakephp\src\Core\Retry\CommandRetry.php(68): Cake\Database\Connection->Cake\Database\{closure}()
#12 C:\xampp\htdocs\biblioteca\vendor\cakephp\cakephp\src\Database\Connection.php(337): Cake\Core\Retry\CommandRetry->run(Object(Closure))
#13 C:\xampp\htdocs\biblioteca\vendor\cakephp\cakephp\src\Database\Query.php(219): Cake\Database\Connection->run(Object(Cake\ORM\Query))
#14 C:\xampp\htdocs\biblioteca\vendor\cakephp\cakephp\src\ORM\Query.php(1141): Cake\Database\Query->execute()
#15 C:\xampp\htdocs\biblioteca\vendor\cakephp\cakephp\src\Datasource\QueryTrait.php(309): Cake\ORM\Query->_execute()
#16 C:\xampp\htdocs\biblioteca\vendor\cakephp\cakephp\src\ORM\Query.php(1088): Cake\ORM\Query->_all()
#17 C:\xampp\htdocs\biblioteca\vendor\cakephp\cakephp\src\Datasource\Paginator.php(186): Cake\ORM\Query->all()
#18 C:\xampp\htdocs\biblioteca\vendor\cakephp\cakephp\src\Controller\Component\PaginatorComponent.php(199): Cake\Datasource\Paginator->paginate(Object(App\Model\Table\LivrosTable), Array, Array)
#19 C:\xampp\htdocs\biblioteca\vendor\cakephp\cakephp\src\Controller\Controller.php(891): Cake\Controller\Component\PaginatorComponent->paginate(Object(App\Model\Table\LivrosTable), Array)
#20 C:\xampp\htdocs\biblioteca\src\Controller\LivrosController.php(29): Cake\Controller\Controller->paginate(Object(App\Model\Table\LivrosTable))
#21 C:\xampp\htdocs\biblioteca\vendor\cakephp\cakephp\src\Controller\Controller.php(610): App\Controller\LivrosController->index()
#22 C:\xampp\htdocs\biblioteca\vendor\cakephp\cakephp\src\Http\ActionDispatcher.php(120): Cake\Controller\Controller->invokeAction()
#23 C:\xampp\htdocs\biblioteca\vendor\cakephp\cakephp\src\Http\ActionDispatcher.php(94): Cake\Http\ActionDispatcher->_invoke(Object(App\Controller\LivrosController))
#24 C:\xampp\htdocs\biblioteca\vendor\cakephp\cakephp\src\Http\BaseApplication.php(235): Cake\Http\ActionDispatcher->dispatch(Object(Cake\Http\ServerRequest), Object(Cake\Http\Response))
#25 C:\xampp\htdocs\biblioteca\vendor\cakephp\cakephp\src\Http\Runner.php(65): Cake\Http\BaseApplication->__invoke(Object(Cake\Http\ServerRequest), Object(Cake\Http\Response), Object(Cake\Http\Runner))
#26 C:\xampp\htdocs\biblioteca\vendor\cakephp\cakephp\src\Http\Runner.php(65): Cake\Http\Runner->__invoke(Object(Cake\Http\ServerRequest), Object(Cake\Http\Response), Object(Cake\Http\Runner))
#27 C:\xampp\htdocs\biblioteca\vendor\cakephp\cakephp\src\Http\Middleware\CsrfProtectionMiddleware.php(123): Cake\Http\Runner->__invoke(Object(Cake\Http\ServerRequest), Object(Cake\Http\Response))
#28 C:\xampp\htdocs\biblioteca\vendor\cakephp\cakephp\src\Http\Runner.php(65): Cake\Http\Middleware\CsrfProtectionMiddleware->__invoke(Object(Cake\Http\ServerRequest), Object(Cake\Http\Response), Object(Cake\Http\Runner))
#29 C:\xampp\htdocs\biblioteca\vendor\cakephp\cakephp\src\Http\Runner.php(51): Cake\Http\Runner->__invoke(Object(Cake\Http\ServerRequest), Object(Cake\Http\Response))
#30 C:\xampp\htdocs\biblioteca\vendor\cakephp\cakephp\src\Routing\Middleware\RoutingMiddleware.php(168): Cake\Http\Runner->run(Object(Cake\Http\MiddlewareQueue), Object(Cake\Http\ServerRequest), Object(Cake\Http\Response))
#31 C:\xampp\htdocs\biblioteca\vendor\cakephp\cakephp\src\Http\Runner.php(65): Cake\Routing\Middleware\RoutingMiddleware->__invoke(Object(Cake\Http\ServerRequest), Object(Cake\Http\Response), Object(Cake\Http\Runner))
#32 C:\xampp\htdocs\biblioteca\vendor\cakephp\cakephp\src\Routing\Middleware\AssetMiddleware.php(88): Cake\Http\Runner->__invoke(Object(Cake\Http\ServerRequest), Object(Cake\Http\Response))
#33 C:\xampp\htdocs\biblioteca\vendor\cakephp\cakephp\src\Http\Runner.php(65): Cake\Routing\Middleware\AssetMiddleware->__invoke(Object(Cake\Http\ServerRequest), Object(Cake\Http\Response), Object(Cake\Http\Runner))
#34 C:\xampp\htdocs\biblioteca\vendor\cakephp\cakephp\src\Error\Middleware\ErrorHandlerMiddleware.php(96): Cake\Http\Runner->__invoke(Object(Cake\Http\ServerRequest), Object(Cake\Http\Response))
#35 C:\xampp\htdocs\biblioteca\vendor\cakephp\cakephp\src\Http\Runner.php(65): Cake\Error\Middleware\ErrorHandlerMiddleware->__invoke(Object(Cake\Http\ServerRequest), Object(Cake\Http\Response), Object(Cake\Http\Runner))
#36 C:\xampp\htdocs\biblioteca\vendor\cakephp\debug_kit\src\Middleware\DebugKitMiddleware.php(53): Cake\Http\Runner->__invoke(Object(Cake\Http\ServerRequest), Object(Cake\Http\Response))
#37 C:\xampp\htdocs\biblioteca\vendor\cakephp\cakephp\src\Http\Runner.php(65): DebugKit\Middleware\DebugKitMiddleware->__invoke(Object(Cake\Http\ServerRequest), Object(Cake\Http\Response), Object(Cake\Http\Runner))
#38 C:\xampp\htdocs\biblioteca\vendor\cakephp\cakephp\src\Http\Runner.php(51): Cake\Http\Runner->__invoke(Object(Cake\Http\ServerRequest), Object(Cake\Http\Response))
#39 C:\xampp\htdocs\biblioteca\vendor\cakephp\cakephp\src\Http\Server.php(98): Cake\Http\Runner->run(Object(Cake\Http\MiddlewareQueue), Object(Cake\Http\ServerRequest), Object(Cake\Http\Response))
#40 C:\xampp\htdocs\biblioteca\webroot\index.php(40): Cake\Http\Server->run()
#41 {main}
Request URL: /livros


2019-05-31 00:02:41 Error: [InvalidArgumentException] The Generos association is not defined on Livros.
#0 C:\xampp\htdocs\biblioteca\vendor\cakephp\cakephp\src\ORM\EagerLoader.php(551): Cake\ORM\Table->getAssociation('Generos')
#1 C:\xampp\htdocs\biblioteca\vendor\cakephp\cakephp\src\ORM\EagerLoader.php(377): Cake\ORM\EagerLoader->_normalizeContain(Object(App\Model\Table\LivrosTable), 'Generos', Array, Array)
#2 C:\xampp\htdocs\biblioteca\vendor\cakephp\cakephp\src\ORM\EagerLoader.php(507): Cake\ORM\EagerLoader->normalized(Object(App\Model\Table\LivrosTable))
#3 C:\xampp\htdocs\biblioteca\vendor\cakephp\cakephp\src\ORM\EagerLoader.php(478): Cake\ORM\EagerLoader->attachableAssociations(Object(App\Model\Table\LivrosTable))
#4 C:\xampp\htdocs\biblioteca\vendor\cakephp\cakephp\src\ORM\Query.php(1171): Cake\ORM\EagerLoader->attachAssociations(Object(Cake\ORM\Query), Object(App\Model\Table\LivrosTable), true)
#5 C:\xampp\htdocs\biblioteca\vendor\cakephp\cakephp\src\ORM\Query.php(1120): Cake\ORM\Query->_transformQuery()
#6 C:\xampp\htdocs\biblioteca\vendor\cakephp\cakephp\src\Database\Driver\Mysql.php(138): Cake\ORM\Query->sql()
#7 C:\xampp\htdocs\biblioteca\vendor\cakephp\cakephp\src\Database\Connection.php(275): Cake\Database\Driver\Mysql->prepare(Object(Cake\ORM\Query))
#8 C:\xampp\htdocs\biblioteca\vendor\cakephp\cakephp\src\Core\Retry\CommandRetry.php(68): Cake\Database\Connection->Cake\Database\{closure}()
#9 C:\xampp\htdocs\biblioteca\vendor\cakephp\cakephp\src\Database\Connection.php(282): Cake\Core\Retry\CommandRetry->run(Object(Closure))
#10 C:\xampp\htdocs\biblioteca\vendor\cakephp\cakephp\src\Database\Connection.php(332): Cake\Database\Connection->prepare(Object(Cake\ORM\Query))
#11 C:\xampp\htdocs\biblioteca\vendor\cakephp\cakephp\src\Core\Retry\CommandRetry.php(68): Cake\Database\Connection->Cake\Database\{closure}()
#12 C:\xampp\htdocs\biblioteca\vendor\cakephp\cakephp\src\Database\Connection.php(337): Cake\Core\Retry\CommandRetry->run(Object(Closure))
#13 C:\xampp\htdocs\biblioteca\vendor\cakephp\cakephp\src\Database\Query.php(219): Cake\Database\Connection->run(Object(Cake\ORM\Query))
#14 C:\xampp\htdocs\biblioteca\vendor\cakephp\cakephp\src\ORM\Query.php(1141): Cake\Database\Query->execute()
#15 C:\xampp\htdocs\biblioteca\vendor\cakephp\cakephp\src\Datasource\QueryTrait.php(309): Cake\ORM\Query->_execute()
#16 C:\xampp\htdocs\biblioteca\vendor\cakephp\cakephp\src\ORM\Query.php(1088): Cake\ORM\Query->_all()
#17 C:\xampp\htdocs\biblioteca\vendor\cakephp\cakephp\src\Datasource\Paginator.php(186): Cake\ORM\Query->all()
#18 C:\xampp\htdocs\biblioteca\vendor\cakephp\cakephp\src\Controller\Component\PaginatorComponent.php(199): Cake\Datasource\Paginator->paginate(Object(App\Model\Table\LivrosTable), Array, Array)
#19 C:\xampp\htdocs\biblioteca\vendor\cakephp\cakephp\src\Controller\Controller.php(891): Cake\Controller\Component\PaginatorComponent->paginate(Object(App\Model\Table\LivrosTable), Array)
#20 C:\xampp\htdocs\biblioteca\src\Controller\LivrosController.php(29): Cake\Controller\Controller->paginate(Object(App\Model\Table\LivrosTable))
#21 C:\xampp\htdocs\biblioteca\vendor\cakephp\cakephp\src\Controller\Controller.php(610): App\Controller\LivrosController->index()
#22 C:\xampp\htdocs\biblioteca\vendor\cakephp\cakephp\src\Http\ActionDispatcher.php(120): Cake\Controller\Controller->invokeAction()
#23 C:\xampp\htdocs\biblioteca\vendor\cakephp\cakephp\src\Http\ActionDispatcher.php(94): Cake\Http\ActionDispatcher->_invoke(Object(App\Controller\LivrosController))
#24 C:\xampp\htdocs\biblioteca\vendor\cakephp\cakephp\src\Http\BaseApplication.php(235): Cake\Http\ActionDispatcher->dispatch(Object(Cake\Http\ServerRequest), Object(Cake\Http\Response))
#25 C:\xampp\htdocs\biblioteca\vendor\cakephp\cakephp\src\Http\Runner.php(65): Cake\Http\BaseApplication->__invoke(Object(Cake\Http\ServerRequest), Object(Cake\Http\Response), Object(Cake\Http\Runner))
#26 C:\xampp\htdocs\biblioteca\vendor\cakephp\cakephp\src\Http\Runner.php(65): Cake\Http\Runner->__invoke(Object(Cake\Http\ServerRequest), Object(Cake\Http\Response), Object(Cake\Http\Runner))
#27 C:\xampp\htdocs\biblioteca\vendor\cakephp\cakephp\src\Http\Middleware\CsrfProtectionMiddleware.php(123): Cake\Http\Runner->__invoke(Object(Cake\Http\ServerRequest), Object(Cake\Http\Response))
#28 C:\xampp\htdocs\biblioteca\vendor\cakephp\cakephp\src\Http\Runner.php(65): Cake\Http\Middleware\CsrfProtectionMiddleware->__invoke(Object(Cake\Http\ServerRequest), Object(Cake\Http\Response), Object(Cake\Http\Runner))
#29 C:\xampp\htdocs\biblioteca\vendor\cakephp\cakephp\src\Http\Runner.php(51): Cake\Http\Runner->__invoke(Object(Cake\Http\ServerRequest), Object(Cake\Http\Response))
#30 C:\xampp\htdocs\biblioteca\vendor\cakephp\cakephp\src\Routing\Middleware\RoutingMiddleware.php(168): Cake\Http\Runner->run(Object(Cake\Http\MiddlewareQueue), Object(Cake\Http\ServerRequest), Object(Cake\Http\Response))
#31 C:\xampp\htdocs\biblioteca\vendor\cakephp\cakephp\src\Http\Runner.php(65): Cake\Routing\Middleware\RoutingMiddleware->__invoke(Object(Cake\Http\ServerRequest), Object(Cake\Http\Response), Object(Cake\Http\Runner))
#32 C:\xampp\htdocs\biblioteca\vendor\cakephp\cakephp\src\Routing\Middleware\AssetMiddleware.php(88): Cake\Http\Runner->__invoke(Object(Cake\Http\ServerRequest), Object(Cake\Http\Response))
#33 C:\xampp\htdocs\biblioteca\vendor\cakephp\cakephp\src\Http\Runner.php(65): Cake\Routing\Middleware\AssetMiddleware->__invoke(Object(Cake\Http\ServerRequest), Object(Cake\Http\Response), Object(Cake\Http\Runner))
#34 C:\xampp\htdocs\biblioteca\vendor\cakephp\cakephp\src\Error\Middleware\ErrorHandlerMiddleware.php(96): Cake\Http\Runner->__invoke(Object(Cake\Http\ServerRequest), Object(Cake\Http\Response))
#35 C:\xampp\htdocs\biblioteca\vendor\cakephp\cakephp\src\Http\Runner.php(65): Cake\Error\Middleware\ErrorHandlerMiddleware->__invoke(Object(Cake\Http\ServerRequest), Object(Cake\Http\Response), Object(Cake\Http\Runner))
#36 C:\xampp\htdocs\biblioteca\vendor\cakephp\debug_kit\src\Middleware\DebugKitMiddleware.php(53): Cake\Http\Runner->__invoke(Object(Cake\Http\ServerRequest), Object(Cake\Http\Response))
#37 C:\xampp\htdocs\biblioteca\vendor\cakephp\cakephp\src\Http\Runner.php(65): DebugKit\Middleware\DebugKitMiddleware->__invoke(Object(Cake\Http\ServerRequest), Object(Cake\Http\Response), Object(Cake\Http\Runner))
#38 C:\xampp\htdocs\biblioteca\vendor\cakephp\cakephp\src\Http\Runner.php(51): Cake\Http\Runner->__invoke(Object(Cake\Http\ServerRequest), Object(Cake\Http\Response))
#39 C:\xampp\htdocs\biblioteca\vendor\cakephp\cakephp\src\Http\Server.php(98): Cake\Http\Runner->run(Object(Cake\Http\MiddlewareQueue), Object(Cake\Http\ServerRequest), Object(Cake\Http\Response))
#40 C:\xampp\htdocs\biblioteca\webroot\index.php(40): Cake\Http\Server->run()
#41 {main}
Request URL: /livros


2019-06-02 20:44:59 Error: [InvalidArgumentException] The Generos association is not defined on Livros.
#0 C:\xampp\htdocs\biblioteca\vendor\cakephp\cakephp\src\ORM\EagerLoader.php(551): Cake\ORM\Table->getAssociation('Generos')
#1 C:\xampp\htdocs\biblioteca\vendor\cakephp\cakephp\src\ORM\EagerLoader.php(377): Cake\ORM\EagerLoader->_normalizeContain(Object(App\Model\Table\LivrosTable), 'Generos', Array, Array)
#2 C:\xampp\htdocs\biblioteca\vendor\cakephp\cakephp\src\ORM\EagerLoader.php(507): Cake\ORM\EagerLoader->normalized(Object(App\Model\Table\LivrosTable))
#3 C:\xampp\htdocs\biblioteca\vendor\cakephp\cakephp\src\ORM\EagerLoader.php(478): Cake\ORM\EagerLoader->attachableAssociations(Object(App\Model\Table\LivrosTable))
#4 C:\xampp\htdocs\biblioteca\vendor\cakephp\cakephp\src\ORM\Query.php(1171): Cake\ORM\EagerLoader->attachAssociations(Object(Cake\ORM\Query), Object(App\Model\Table\LivrosTable), true)
#5 C:\xampp\htdocs\biblioteca\vendor\cakephp\cakephp\src\ORM\Query.php(1120): Cake\ORM\Query->_transformQuery()
#6 C:\xampp\htdocs\biblioteca\vendor\cakephp\cakephp\src\Database\Driver\Mysql.php(138): Cake\ORM\Query->sql()
#7 C:\xampp\htdocs\biblioteca\vendor\cakephp\cakephp\src\Database\Connection.php(275): Cake\Database\Driver\Mysql->prepare(Object(Cake\ORM\Query))
#8 C:\xampp\htdocs\biblioteca\vendor\cakephp\cakephp\src\Core\Retry\CommandRetry.php(68): Cake\Database\Connection->Cake\Database\{closure}()
#9 C:\xampp\htdocs\biblioteca\vendor\cakephp\cakephp\src\Database\Connection.php(282): Cake\Core\Retry\CommandRetry->run(Object(Closure))
#10 C:\xampp\htdocs\biblioteca\vendor\cakephp\cakephp\src\Database\Connection.php(332): Cake\Database\Connection->prepare(Object(Cake\ORM\Query))
#11 C:\xampp\htdocs\biblioteca\vendor\cakephp\cakephp\src\Core\Retry\CommandRetry.php(68): Cake\Database\Connection->Cake\Database\{closure}()
#12 C:\xampp\htdocs\biblioteca\vendor\cakephp\cakephp\src\Database\Connection.php(337): Cake\Core\Retry\CommandRetry->run(Object(Closure))
#13 C:\xampp\htdocs\biblioteca\vendor\cakephp\cakephp\src\Database\Query.php(219): Cake\Database\Connection->run(Object(Cake\ORM\Query))
#14 C:\xampp\htdocs\biblioteca\vendor\cakephp\cakephp\src\ORM\Query.php(1141): Cake\Database\Query->execute()
#15 C:\xampp\htdocs\biblioteca\vendor\cakephp\cakephp\src\Datasource\QueryTrait.php(309): Cake\ORM\Query->_execute()
#16 C:\xampp\htdocs\biblioteca\vendor\cakephp\cakephp\src\ORM\Query.php(1088): Cake\ORM\Query->_all()
#17 C:\xampp\htdocs\biblioteca\vendor\cakephp\cakephp\src\Datasource\Paginator.php(186): Cake\ORM\Query->all()
#18 C:\xampp\htdocs\biblioteca\vendor\cakephp\cakephp\src\Controller\Component\PaginatorComponent.php(199): Cake\Datasource\Paginator->paginate(Object(App\Model\Table\LivrosTable), Array, Array)
#19 C:\xampp\htdocs\biblioteca\vendor\cakephp\cakephp\src\Controller\Controller.php(891): Cake\Controller\Component\PaginatorComponent->paginate(Object(App\Model\Table\LivrosTable), Array)
#20 C:\xampp\htdocs\biblioteca\src\Controller\LivrosController.php(29): Cake\Controller\Controller->paginate(Object(App\Model\Table\LivrosTable))
#21 C:\xampp\htdocs\biblioteca\vendor\cakephp\cakephp\src\Controller\Controller.php(610): App\Controller\LivrosController->index()
#22 C:\xampp\htdocs\biblioteca\vendor\cakephp\cakephp\src\Http\ActionDispatcher.php(120): Cake\Controller\Controller->invokeAction()
#23 C:\xampp\htdocs\biblioteca\vendor\cakephp\cakephp\src\Http\ActionDispatcher.php(94): Cake\Http\ActionDispatcher->_invoke(Object(App\Controller\LivrosController))
#24 C:\xampp\htdocs\biblioteca\vendor\cakephp\cakephp\src\Http\BaseApplication.php(235): Cake\Http\ActionDispatcher->dispatch(Object(Cake\Http\ServerRequest), Object(Cake\Http\Response))
#25 C:\xampp\htdocs\biblioteca\vendor\cakephp\cakephp\src\Http\Runner.php(65): Cake\Http\BaseApplication->__invoke(Object(Cake\Http\ServerRequest), Object(Cake\Http\Response), Object(Cake\Http\Runner))
#26 C:\xampp\htdocs\biblioteca\vendor\cakephp\cakephp\src\Http\Runner.php(65): Cake\Http\Runner->__invoke(Object(Cake\Http\ServerRequest), Object(Cake\Http\Response), Object(Cake\Http\Runner))
#27 C:\xampp\htdocs\biblioteca\vendor\cakephp\cakephp\src\Http\Middleware\CsrfProtectionMiddleware.php(119): Cake\Http\Runner->__invoke(Object(Cake\Http\ServerRequest), Object(Cake\Http\Response))
#28 C:\xampp\htdocs\biblioteca\vendor\cakephp\cakephp\src\Http\Runner.php(65): Cake\Http\Middleware\CsrfProtectionMiddleware->__invoke(Object(Cake\Http\ServerRequest), Object(Cake\Http\Response), Object(Cake\Http\Runner))
#29 C:\xampp\htdocs\biblioteca\vendor\cakephp\cakephp\src\Http\Runner.php(51): Cake\Http\Runner->__invoke(Object(Cake\Http\ServerRequest), Object(Cake\Http\Response))
#30 C:\xampp\htdocs\biblioteca\vendor\cakephp\cakephp\src\Routing\Middleware\RoutingMiddleware.php(168): Cake\Http\Runner->run(Object(Cake\Http\MiddlewareQueue), Object(Cake\Http\ServerRequest), Object(Cake\Http\Response))
#31 C:\xampp\htdocs\biblioteca\vendor\cakephp\cakephp\src\Http\Runner.php(65): Cake\Routing\Middleware\RoutingMiddleware->__invoke(Object(Cake\Http\ServerRequest), Object(Cake\Http\Response), Object(Cake\Http\Runner))
#32 C:\xampp\htdocs\biblioteca\vendor\cakephp\cakephp\src\Routing\Middleware\AssetMiddleware.php(88): Cake\Http\Runner->__invoke(Object(Cake\Http\ServerRequest), Object(Cake\Http\Response))
#33 C:\xampp\htdocs\biblioteca\vendor\cakephp\cakephp\src\Http\Runner.php(65): Cake\Routing\Middleware\AssetMiddleware->__invoke(Object(Cake\Http\ServerRequest), Object(Cake\Http\Response), Object(Cake\Http\Runner))
#34 C:\xampp\htdocs\biblioteca\vendor\cakephp\cakephp\src\Error\Middleware\ErrorHandlerMiddleware.php(96): Cake\Http\Runner->__invoke(Object(Cake\Http\ServerRequest), Object(Cake\Http\Response))
#35 C:\xampp\htdocs\biblioteca\vendor\cakephp\cakephp\src\Http\Runner.php(65): Cake\Error\Middleware\ErrorHandlerMiddleware->__invoke(Object(Cake\Http\ServerRequest), Object(Cake\Http\Response), Object(Cake\Http\Runner))
#36 C:\xampp\htdocs\biblioteca\vendor\cakephp\debug_kit\src\Middleware\DebugKitMiddleware.php(53): Cake\Http\Runner->__invoke(Object(Cake\Http\ServerRequest), Object(Cake\Http\Response))
#37 C:\xampp\htdocs\biblioteca\vendor\cakephp\cakephp\src\Http\Runner.php(65): DebugKit\Middleware\DebugKitMiddleware->__invoke(Object(Cake\Http\ServerRequest), Object(Cake\Http\Response), Object(Cake\Http\Runner))
#38 C:\xampp\htdocs\biblioteca\vendor\cakephp\cakephp\src\Http\Runner.php(51): Cake\Http\Runner->__invoke(Object(Cake\Http\ServerRequest), Object(Cake\Http\Response))
#39 C:\xampp\htdocs\biblioteca\vendor\cakephp\cakephp\src\Http\Server.php(98): Cake\Http\Runner->run(Object(Cake\Http\MiddlewareQueue), Object(Cake\Http\ServerRequest), Object(Cake\Http\Response))
#40 C:\xampp\htdocs\biblioteca\webroot\index.php(40): Cake\Http\Server->run()
#41 {main}
Request URL: /livros


2019-06-02 20:50:42 Error: [InvalidArgumentException] The Generos association is not defined on Livros.
#0 C:\xampp\htdocs\biblioteca\vendor\cakephp\cakephp\src\ORM\EagerLoader.php(551): Cake\ORM\Table->getAssociation('Generos')
#1 C:\xampp\htdocs\biblioteca\vendor\cakephp\cakephp\src\ORM\EagerLoader.php(377): Cake\ORM\EagerLoader->_normalizeContain(Object(App\Model\Table\LivrosTable), 'Generos', Array, Array)
#2 C:\xampp\htdocs\biblioteca\vendor\cakephp\cakephp\src\ORM\EagerLoader.php(507): Cake\ORM\EagerLoader->normalized(Object(App\Model\Table\LivrosTable))
#3 C:\xampp\htdocs\biblioteca\vendor\cakephp\cakephp\src\ORM\EagerLoader.php(478): Cake\ORM\EagerLoader->attachableAssociations(Object(App\Model\Table\LivrosTable))
#4 C:\xampp\htdocs\biblioteca\vendor\cakephp\cakephp\src\ORM\Query.php(1171): Cake\ORM\EagerLoader->attachAssociations(Object(Cake\ORM\Query), Object(App\Model\Table\LivrosTable), true)
#5 C:\xampp\htdocs\biblioteca\vendor\cakephp\cakephp\src\ORM\Query.php(1120): Cake\ORM\Query->_transformQuery()
#6 C:\xampp\htdocs\biblioteca\vendor\cakephp\cakephp\src\Database\Driver\Mysql.php(138): Cake\ORM\Query->sql()
#7 C:\xampp\htdocs\biblioteca\vendor\cakephp\cakephp\src\Database\Connection.php(275): Cake\Database\Driver\Mysql->prepare(Object(Cake\ORM\Query))
#8 C:\xampp\htdocs\biblioteca\vendor\cakephp\cakephp\src\Core\Retry\CommandRetry.php(68): Cake\Database\Connection->Cake\Database\{closure}()
#9 C:\xampp\htdocs\biblioteca\vendor\cakephp\cakephp\src\Database\Connection.php(282): Cake\Core\Retry\CommandRetry->run(Object(Closure))
#10 C:\xampp\htdocs\biblioteca\vendor\cakephp\cakephp\src\Database\Connection.php(332): Cake\Database\Connection->prepare(Object(Cake\ORM\Query))
#11 C:\xampp\htdocs\biblioteca\vendor\cakephp\cakephp\src\Core\Retry\CommandRetry.php(68): Cake\Database\Connection->Cake\Database\{closure}()
#12 C:\xampp\htdocs\biblioteca\vendor\cakephp\cakephp\src\Database\Connection.php(337): Cake\Core\Retry\CommandRetry->run(Object(Closure))
#13 C:\xampp\htdocs\biblioteca\vendor\cakephp\cakephp\src\Database\Query.php(219): Cake\Database\Connection->run(Object(Cake\ORM\Query))
#14 C:\xampp\htdocs\biblioteca\vendor\cakephp\cakephp\src\ORM\Query.php(1141): Cake\Database\Query->execute()
#15 C:\xampp\htdocs\biblioteca\vendor\cakephp\cakephp\src\Datasource\QueryTrait.php(309): Cake\ORM\Query->_execute()
#16 C:\xampp\htdocs\biblioteca\vendor\cakephp\cakephp\src\ORM\Query.php(1088): Cake\ORM\Query->_all()
#17 C:\xampp\htdocs\biblioteca\vendor\cakephp\cakephp\src\Datasource\Paginator.php(186): Cake\ORM\Query->all()
#18 C:\xampp\htdocs\biblioteca\vendor\cakephp\cakephp\src\Controller\Component\PaginatorComponent.php(199): Cake\Datasource\Paginator->paginate(Object(App\Model\Table\LivrosTable), Array, Array)
#19 C:\xampp\htdocs\biblioteca\vendor\cakephp\cakephp\src\Controller\Controller.php(891): Cake\Controller\Component\PaginatorComponent->paginate(Object(App\Model\Table\LivrosTable), Array)
#20 C:\xampp\htdocs\biblioteca\src\Controller\LivrosController.php(29): Cake\Controller\Controller->paginate(Object(App\Model\Table\LivrosTable))
#21 C:\xampp\htdocs\biblioteca\vendor\cakephp\cakephp\src\Controller\Controller.php(610): App\Controller\LivrosController->index()
#22 C:\xampp\htdocs\biblioteca\vendor\cakephp\cakephp\src\Http\ActionDispatcher.php(120): Cake\Controller\Controller->invokeAction()
#23 C:\xampp\htdocs\biblioteca\vendor\cakephp\cakephp\src\Http\ActionDispatcher.php(94): Cake\Http\ActionDispatcher->_invoke(Object(App\Controller\LivrosController))
#24 C:\xampp\htdocs\biblioteca\vendor\cakephp\cakephp\src\Http\BaseApplication.php(235): Cake\Http\ActionDispatcher->dispatch(Object(Cake\Http\ServerRequest), Object(Cake\Http\Response))
#25 C:\xampp\htdocs\biblioteca\vendor\cakephp\cakephp\src\Http\Runner.php(65): Cake\Http\BaseApplication->__invoke(Object(Cake\Http\ServerRequest), Object(Cake\Http\Response), Object(Cake\Http\Runner))
#26 C:\xampp\htdocs\biblioteca\vendor\cakephp\cakephp\src\Http\Runner.php(65): Cake\Http\Runner->__invoke(Object(Cake\Http\ServerRequest), Object(Cake\Http\Response), Object(Cake\Http\Runner))
#27 C:\xampp\htdocs\biblioteca\vendor\cakephp\cakephp\src\Http\Middleware\CsrfProtectionMiddleware.php(123): Cake\Http\Runner->__invoke(Object(Cake\Http\ServerRequest), Object(Cake\Http\Response))
#28 C:\xampp\htdocs\biblioteca\vendor\cakephp\cakephp\src\Http\Runner.php(65): Cake\Http\Middleware\CsrfProtectionMiddleware->__invoke(Object(Cake\Http\ServerRequest), Object(Cake\Http\Response), Object(Cake\Http\Runner))
#29 C:\xampp\htdocs\biblioteca\vendor\cakephp\cakephp\src\Http\Runner.php(51): Cake\Http\Runner->__invoke(Object(Cake\Http\ServerRequest), Object(Cake\Http\Response))
#30 C:\xampp\htdocs\biblioteca\vendor\cakephp\cakephp\src\Routing\Middleware\RoutingMiddleware.php(168): Cake\Http\Runner->run(Object(Cake\Http\MiddlewareQueue), Object(Cake\Http\ServerRequest), Object(Cake\Http\Response))
#31 C:\xampp\htdocs\biblioteca\vendor\cakephp\cakephp\src\Http\Runner.php(65): Cake\Routing\Middleware\RoutingMiddleware->__invoke(Object(Cake\Http\ServerRequest), Object(Cake\Http\Response), Object(Cake\Http\Runner))
#32 C:\xampp\htdocs\biblioteca\vendor\cakephp\cakephp\src\Routing\Middleware\AssetMiddleware.php(88): Cake\Http\Runner->__invoke(Object(Cake\Http\ServerRequest), Object(Cake\Http\Response))
#33 C:\xampp\htdocs\biblioteca\vendor\cakephp\cakephp\src\Http\Runner.php(65): Cake\Routing\Middleware\AssetMiddleware->__invoke(Object(Cake\Http\ServerRequest), Object(Cake\Http\Response), Object(Cake\Http\Runner))
#34 C:\xampp\htdocs\biblioteca\vendor\cakephp\cakephp\src\Error\Middleware\ErrorHandlerMiddleware.php(96): Cake\Http\Runner->__invoke(Object(Cake\Http\ServerRequest), Object(Cake\Http\Response))
#35 C:\xampp\htdocs\biblioteca\vendor\cakephp\cakephp\src\Http\Runner.php(65): Cake\Error\Middleware\ErrorHandlerMiddleware->__invoke(Object(Cake\Http\ServerRequest), Object(Cake\Http\Response), Object(Cake\Http\Runner))
#36 C:\xampp\htdocs\biblioteca\vendor\cakephp\debug_kit\src\Middleware\DebugKitMiddleware.php(53): Cake\Http\Runner->__invoke(Object(Cake\Http\ServerRequest), Object(Cake\Http\Response))
#37 C:\xampp\htdocs\biblioteca\vendor\cakephp\cakephp\src\Http\Runner.php(65): DebugKit\Middleware\DebugKitMiddleware->__invoke(Object(Cake\Http\ServerRequest), Object(Cake\Http\Response), Object(Cake\Http\Runner))
#38 C:\xampp\htdocs\biblioteca\vendor\cakephp\cakephp\src\Http\Runner.php(51): Cake\Http\Runner->__invoke(Object(Cake\Http\ServerRequest), Object(Cake\Http\Response))
#39 C:\xampp\htdocs\biblioteca\vendor\cakephp\cakephp\src\Http\Server.php(98): Cake\Http\Runner->run(Object(Cake\Http\MiddlewareQueue), Object(Cake\Http\ServerRequest), Object(Cake\Http\Response))
#40 C:\xampp\htdocs\biblioteca\webroot\index.php(40): Cake\Http\Server->run()
#41 {main}
Request URL: /livros


